{
  "0 debug pnpm:scope": {
    "selected": 1
  },
  "1 debug pnpm:package-manifest": {
    "initial": {
      "name": "Backend",
      "version": "1.0.0",
      "description": "",
      "main": "index.js",
      "scripts": {
        "test": "echo \"Error: no test specified\" && exit 1"
      },
      "keywords": [],
      "author": "",
      "license": "ISC"
    },
    "prefix": "/home/claw-enterprices/Backend"
  },
  "2 debug pnpm:context": {
    "currentLockfileExists": false,
    "storeDir": "/home/theia/.pnpm-store/v3",
    "virtualStoreDir": "/home/claw-enterprices/Backend/node_modules/.pnpm"
  },
  "3 debug pnpm:stage": {
    "prefix": "/home/claw-enterprices/Backend",
    "stage": "resolution_started"
  },
  "4 error pnpm": {
    "code": "ERR_PNPM_MALFORMED_METADATA",
    "hint": "This might mean that the package was unpublished from the registry",
    "pkgsStack": [],
    "err": {
      "name": "pnpm",
      "message": "Received malformed metadata for \"supabase-js\"",
      "code": "ERR_PNPM_MALFORMED_METADATA",
      "stack": "pnpm: Received malformed metadata for \"supabase-js\"\n    at default_1 (/usr/local/lib/node_modules/pnpm/dist/pnpm.cjs:85457:15)\n    at exports2.default (/usr/local/lib/node_modules/pnpm/dist/pnpm.cjs:85596:60)\n    at processTicksAndRejections (internal/process/task_queues.js:95:5)\n    at async resolveNpm (/usr/local/lib/node_modules/pnpm/dist/pnpm.cjs:86009:22)\n    at async Object.resolve (/usr/local/lib/node_modules/pnpm/dist/pnpm.cjs:86223:34)\n    at async run (/usr/local/lib/node_modules/pnpm/dist/pnpm.cjs:74299:23)"
    }
  }
}